[30-11-03:58:18]: no_unit_found
[30-11-04:00:06]: no_unit_found
[30-11-04:00:19]: no_unit_found
[30-11-04:00:31]: no_unit_found
[30-11-04:00:42]: THRALL
[30-11-04:04:45]: no_unit_found
[30-11-04:04:59]: no_unit_found
[30-11-04:05:10]: THRALL
[30-11-04:06:16]: no_unit_found
[30-11-04:06:30]: no_unit_found
[30-11-04:06:41]: THRALL
[30-11-04:08:09]: no_unit_found
[30-11-04:08:22]: no_unit_found
[30-11-04:08:34]: no_unit_found
[30-11-04:08:45]: THRALL
[02-12-13:43:30]: no_unit_found
[02-12-13:43:44]: no_unit_found
[02-12-13:43:56]: no_unit_found
[02-12-13:44:07]: KERR IRONSIGHT
[02-12-13:46:34]: KERR IRONSIGHT
[02-12-13:49:12]: KERR IRONSIGHT
[02-12-13:54:01]: no_unit_found
[02-12-13:54:14]: no_unit_found
[02-12-13:54:26]: HOWIN KINDFEATHER
[02-12-13:57:02]: HOWIN KINDFEATHER
[02-12-13:57:15]: HOWIN KINDFEATHER
[02-12-13:57:27]: KERR IRONSIGHT
[02-12-14:17:09]: KERR IRONSIGHT
[02-12-14:18:58]: KERR IRONSIGHT
[02-12-14:19:40]: KERR IRONSIGHT
[02-12-14:20:19]: KERR IRONSIGHT
[02-12-14:22:03]: KERR IRONSIGHT
[02-12-14:23:07]: KERR IRONSIGHT
[02-12-14:23:56]: KERR IRONSIGHT
[02-12-14:42:44]: /run local LibCopyPaste = LibStub('LibCopyPaste-1.0');LibCopyPaste:Copy('Discovered Unit', unitscan_discovered_unit_name)
[02-12-14:43:50]: /run local LibCopyPaste = LibStub('LibCopyPaste-1.0');LibCopyPaste:Copy('Discovered Unit', unitscan_discovered_unit_name)
[02-12-14:44:09]: no_unit_found
[02-12-14:44:22]: no_unit_found
[02-12-14:45:25]: /run local LibCopyPaste = LibStub('LibCopyPaste-1.0');LibCopyPaste:Copy('Discovered Unit', unitscan_discovered_unit_name)
[02-12-14:45:37]: no_unit_found
[02-12-14:47:56]: no_unit_found
[02-12-14:48:10]: no_unit_found
[02-12-14:48:21]: no_unit_found
[02-12-14:48:33]: no_unit_found
[02-12-14:49:49]: no_unit_found
[02-12-14:56:44]: no_unit_found
[02-12-14:56:58]: no_unit_found
[02-12-14:57:09]: HOGGER
[02-12-15:06:41]: HOGGER
[02-12-15:07:43]: HOGGER
[02-12-15:16:20]: no_unit_found
[02-12-15:16:34]: no_unit_found
[02-12-15:16:45]: no_unit_found
[02-12-15:16:59]: no_unit_found
[02-12-15:17:10]: no_unit_found
[02-12-15:18:19]: no_unit_found
[02-12-15:18:31]: no_unit_found
[02-12-15:18:45]: no_unit_found
[02-12-15:18:56]: no_unit_found
[02-12-15:19:10]: /run local LibCopyPaste = LibStub('LibCopyPaste-1.0');LibCopyPaste:Copy('Discovered Unit', unitscan_discovered_unit_name)
[02-12-15:20:17]: no_unit_found
[02-12-15:20:30]: no_unit_found
[02-12-15:20:42]: no_unit_found
[02-12-15:20:55]: no_unit_found
[02-12-15:26:37]: no_unit_found
[02-12-15:26:51]: HOGGER
[02-12-15:41:55]: no_unit_found
[02-12-15:42:09]: no_unit_found
[02-12-15:42:22]: HOGGER
